2021-11-21 19:55:12,928  INFO [main] BigSmall:53 - Browser has been Opened
2021-11-21 19:55:22,381  INFO [main] BigSmall:68 -  entered
2021-11-21 19:55:22,521  INFO [main] BigSmall:71 -  entered
2021-11-21 19:55:26,212  INFO [main] BigSmall:73 - clicked on submit button
2021-11-21 19:55:35,150  INFO [main] BigSmall:68 - Simon@123 entered
2021-11-21 19:55:35,515  INFO [main] BigSmall:71 - abcd entered
2021-11-21 19:55:35,847  INFO [main] BigSmall:73 - clicked on submit button
2021-11-21 19:55:44,036  INFO [main] BigSmall:68 - JackNJill@gamil.com entered
2021-11-21 19:55:44,475  INFO [main] BigSmall:71 - JacjNJill@123 entered
2021-11-21 19:55:44,646  INFO [main] BigSmall:73 - clicked on submit button
2021-11-21 19:55:57,489  INFO [main] BigSmall:91 - Successfully sorted the Price from High to low
2021-11-21 19:56:05,179  INFO [main] BigSmall:116 - Products has been Displayed
2021-11-21 19:56:23,107  INFO [main] BigSmall:137 - Returned to the Cart
2021-11-21 19:56:38,570  INFO [main] BigSmall:155 - Product has been added to the Wishlist
2021-11-21 19:56:46,986  INFO [main] BigSmall:167 - Title under All Of It is verified
2021-11-21 19:56:56,397  INFO [main] BigSmall:184 - Product is present over there in WishList
2021-11-21 19:56:59,265  INFO [main] BigSmall:196 - About us
2021-11-21 19:56:59,305  INFO [main] BigSmall:199 - Entered in About Us page
2021-11-21 19:57:08,452  INFO [main] BigSmall:214 - Standard delivery time is 5-7 business days. Choose online payment for contactless delivery.
Order delivery might be delayed due to the current Covid-19 situation.
2021-11-21 19:57:08,491  INFO [main] BigSmall:217 - Gift Card has been added to the cart
2021-11-21 19:57:17,370  INFO [main] BigSmall:240 - Ttile Verfied and Data has been sent successfully
